[0m21:31:03.293065 [debug] [MainThread]: Sending event: {'category': 'dbt', 'action': 'invocation', 'label': 'start', 'context': [<snowplow_tracker.self_describing_json.SelfDescribingJson object at 0x0000022BEAFB97C0>, <snowplow_tracker.self_describing_json.SelfDescribingJson object at 0x0000022BEA9833B0>, <snowplow_tracker.self_describing_json.SelfDescribingJson object at 0x0000022BEAE5FFB0>]}


============================== 21:31:03.310860 | fa90d76d-c5a5-491b-8f3a-47d3f577b33d ==============================
[0m21:31:03.310860 [info ] [MainThread]: Running with dbt=1.11.7
[0m21:31:03.315861 [debug] [MainThread]: running dbt with arguments {'version_check': 'True', 'no_print': 'None', 'static_parser': 'True', 'warn_error_options': 'WarnErrorOptionsV2(error=[], warn=[], silence=[])', 'target_path': 'None', 'printer_width': '80', 'write_json': 'True', 'introspect': 'True', 'log_cache_events': 'False', 'empty': 'None', 'cache_selected_only': 'False', 'log_format': 'default', 'debug': 'False', 'fail_fast': 'False', 'partial_parse': 'True', 'send_anonymous_usage_stats': 'True', 'quiet': 'False', 'warn_error': 'None', 'profiles_dir': 'C:\\Users\\vaish\\.dbt', 'use_colors': 'True', 'indirect_selection': 'eager', 'invocation_command': 'dbt init netflix', 'use_experimental_parser': 'False', 'log_path': 'logs'}
[0m21:31:03.376348 [debug] [MainThread]: Starter project path: C:\Users\vaish\OneDrive\Documents\Darshil_DBT_Project\Netflixdbt\venv\Lib\site-packages\dbt\include\starter_project
[0m21:31:03.424536 [info ] [MainThread]: 
Your new dbt project "netflix" was created!

For more information on how to configure the profiles.yml file,
please consult the dbt documentation here:

  https://docs.getdbt.com/docs/configure-your-profile

One more thing:

Need help? Don't hesitate to reach out to us via GitHub issues or on Slack:

  https://community.getdbt.com/

Happy modeling!

[0m21:31:03.426548 [info ] [MainThread]: Setting up your profile.
[0m21:55:02.134413 [info ] [MainThread]: Profile netflix written to C:\Users\vaish\.dbt\profiles.yml using target's profile_template.yml and your supplied values. Run 'dbt debug' to validate the connection.
[0m21:55:02.270036 [debug] [MainThread]: Command `dbt init` succeeded at 21:55:02.266698 after 1439.46 seconds
[0m21:55:02.291806 [debug] [MainThread]: Sending event: {'category': 'dbt', 'action': 'invocation', 'label': 'end', 'context': [<snowplow_tracker.self_describing_json.SelfDescribingJson object at 0x0000022BED5DF830>, <snowplow_tracker.self_describing_json.SelfDescribingJson object at 0x0000022BED4D8C80>, <snowplow_tracker.self_describing_json.SelfDescribingJson object at 0x0000022BECD6CBF0>]}
[0m21:55:02.311943 [debug] [MainThread]: Flushing usage events
[0m21:55:05.132079 [debug] [MainThread]: An error was encountered while trying to flush usage events
[0m23:13:55.117535 [debug] [MainThread]: Sending event: {'category': 'dbt', 'action': 'invocation', 'label': 'start', 'context': [<snowplow_tracker.self_describing_json.SelfDescribingJson object at 0x000002071F3A4D40>, <snowplow_tracker.self_describing_json.SelfDescribingJson object at 0x000002071EFE9310>, <snowplow_tracker.self_describing_json.SelfDescribingJson object at 0x000002071BF78E00>]}


============================== 23:13:55.132535 | 53a29bfb-1479-43b0-a542-48ec8a09d13d ==============================
[0m23:13:55.132535 [info ] [MainThread]: Running with dbt=1.11.7
[0m23:13:55.136536 [debug] [MainThread]: running dbt with arguments {'static_parser': 'True', 'no_print': 'None', 'version_check': 'True', 'target_path': 'None', 'warn_error_options': 'WarnErrorOptionsV2(error=[], warn=[], silence=[])', 'printer_width': '80', 'write_json': 'True', 'empty': 'False', 'log_cache_events': 'False', 'introspect': 'True', 'cache_selected_only': 'False', 'fail_fast': 'False', 'debug': 'False', 'log_format': 'default', 'profiles_dir': 'C:\\Users\\vaish\\.dbt', 'send_anonymous_usage_stats': 'True', 'quiet': 'False', 'warn_error': 'None', 'partial_parse': 'True', 'indirect_selection': 'eager', 'invocation_command': 'dbt run', 'use_colors': 'True', 'use_experimental_parser': 'False', 'log_path': 'logs'}
[0m23:13:55.137537 [error] [MainThread]: Encountered an error:
Runtime Error
  No dbt_project.yml found at expected path C:\Users\vaish\OneDrive\Documents\Darshil_DBT_Project\Netflixdbt\dbt_project.yml
  Verify that each entry within packages.yml (and their transitive dependencies) contains a file named dbt_project.yml
  
[0m23:13:55.138538 [debug] [MainThread]: Command `dbt run` failed at 23:13:55.138538 after 0.25 seconds
[0m23:13:55.138538 [debug] [MainThread]: Sending event: {'category': 'dbt', 'action': 'invocation', 'label': 'end', 'context': [<snowplow_tracker.self_describing_json.SelfDescribingJson object at 0x000002071FAD6F00>, <snowplow_tracker.self_describing_json.SelfDescribingJson object at 0x000002071FB33FB0>, <snowplow_tracker.self_describing_json.SelfDescribingJson object at 0x000002071F3A4D40>]}
[0m23:13:55.138538 [debug] [MainThread]: Flushing usage events
[0m23:13:56.671416 [debug] [MainThread]: An error was encountered while trying to flush usage events
[0m23:15:37.430524 [debug] [MainThread]: Sending event: {'category': 'dbt', 'action': 'invocation', 'label': 'start', 'context': [<snowplow_tracker.self_describing_json.SelfDescribingJson object at 0x000001FF138F34D0>, <snowplow_tracker.self_describing_json.SelfDescribingJson object at 0x000001FF135033B0>, <snowplow_tracker.self_describing_json.SelfDescribingJson object at 0x000001FF10338B60>]}


============================== 23:15:37.440985 | 8445f2d0-bf8e-4311-b6fa-a8e019226a86 ==============================
[0m23:15:37.440985 [info ] [MainThread]: Running with dbt=1.11.7
[0m23:15:37.440985 [debug] [MainThread]: running dbt with arguments {'static_parser': 'True', 'no_print': 'None', 'version_check': 'True', 'target_path': 'None', 'warn_error_options': 'WarnErrorOptionsV2(error=[], warn=[], silence=[])', 'printer_width': '80', 'write_json': 'True', 'empty': 'False', 'log_cache_events': 'False', 'introspect': 'True', 'cache_selected_only': 'False', 'log_format': 'default', 'debug': 'False', 'fail_fast': 'False', 'profiles_dir': 'C:\\Users\\vaish\\.dbt', 'send_anonymous_usage_stats': 'True', 'quiet': 'False', 'warn_error': 'None', 'partial_parse': 'True', 'indirect_selection': 'eager', 'invocation_command': 'dbt run', 'use_colors': 'True', 'use_experimental_parser': 'False', 'log_path': 'logs'}
[0m23:15:37.441985 [error] [MainThread]: Encountered an error:
Runtime Error
  No dbt_project.yml found at expected path C:\Users\vaish\OneDrive\Documents\Darshil_DBT_Project\Netflixdbt\dbt_project.yml
  Verify that each entry within packages.yml (and their transitive dependencies) contains a file named dbt_project.yml
  
[0m23:15:37.442977 [debug] [MainThread]: Command `dbt run` failed at 23:15:37.442977 after 0.19 seconds
[0m23:15:37.442977 [debug] [MainThread]: Sending event: {'category': 'dbt', 'action': 'invocation', 'label': 'end', 'context': [<snowplow_tracker.self_describing_json.SelfDescribingJson object at 0x000001FF133196D0>, <snowplow_tracker.self_describing_json.SelfDescribingJson object at 0x000001FF1371A780>, <snowplow_tracker.self_describing_json.SelfDescribingJson object at 0x000001FF13718A70>]}
[0m23:15:37.444013 [debug] [MainThread]: Flushing usage events
[0m23:15:39.058487 [debug] [MainThread]: An error was encountered while trying to flush usage events
[0m17:21:27.115896 [debug] [MainThread]: Sending event: {'category': 'dbt', 'action': 'invocation', 'label': 'start', 'context': [<snowplow_tracker.self_describing_json.SelfDescribingJson object at 0x00000113B5D647A0>, <snowplow_tracker.self_describing_json.SelfDescribingJson object at 0x00000113B8AB37A0>, <snowplow_tracker.self_describing_json.SelfDescribingJson object at 0x00000113B8AB0380>]}


============================== 17:21:27.129703 | 4a559428-c2be-46a4-b624-b4e0249f7f4a ==============================
[0m17:21:27.129703 [info ] [MainThread]: Running with dbt=1.11.7
[0m17:21:27.129703 [debug] [MainThread]: running dbt with arguments {'static_parser': 'True', 'no_print': 'None', 'version_check': 'True', 'target_path': 'None', 'warn_error_options': 'WarnErrorOptionsV2(error=[], warn=[], silence=[])', 'printer_width': '80', 'write_json': 'True', 'empty': 'False', 'log_cache_events': 'False', 'introspect': 'True', 'cache_selected_only': 'False', 'log_format': 'default', 'debug': 'False', 'fail_fast': 'False', 'partial_parse': 'True', 'send_anonymous_usage_stats': 'True', 'quiet': 'False', 'warn_error': 'None', 'profiles_dir': 'C:\\Users\\vaish\\.dbt', 'invocation_command': 'dbt run', 'indirect_selection': 'eager', 'use_colors': 'True', 'use_experimental_parser': 'False', 'log_path': 'logs'}
[0m17:21:27.130715 [error] [MainThread]: Encountered an error:
Runtime Error
  No dbt_project.yml found at expected path C:\Users\vaish\OneDrive\Documents\Darshil_DBT_Project\Netflixdbt\dbt_project.yml
  Verify that each entry within packages.yml (and their transitive dependencies) contains a file named dbt_project.yml
  
[0m17:21:27.131857 [debug] [MainThread]: Command `dbt run` failed at 17:21:27.131857 after 0.19 seconds
[0m17:21:27.132872 [debug] [MainThread]: Sending event: {'category': 'dbt', 'action': 'invocation', 'label': 'end', 'context': [<snowplow_tracker.self_describing_json.SelfDescribingJson object at 0x00000113B84D9790>, <snowplow_tracker.self_describing_json.SelfDescribingJson object at 0x00000113B8AB28D0>, <snowplow_tracker.self_describing_json.SelfDescribingJson object at 0x00000113B8AB1490>]}
[0m17:21:27.132872 [debug] [MainThread]: Flushing usage events
[0m17:21:29.914438 [debug] [MainThread]: An error was encountered while trying to flush usage events
